1493212852589	geckodriver	INFO	Listening on 127.0.0.1:40918
1493212853758	mozprofile::profile	INFO	Using profile path /tmp/rust_mozprofile.lUYFzdPGUDny
1493212853758	geckodriver::marionette	INFO	Starting browser /usr/bin/firefox
1493212853774	geckodriver::marionette	INFO	Connecting to Marionette on localhost:44734
1493212859658	Marionette	INFO	Listening on port 44734
1493212859704	Marionette	WARN	TLS certificate errors will be ignored for this session
1493212860261	Marionette	INFO	New connections will no longer be accepted
1493212860342	geckodriver	INFO	Listening on 127.0.0.1:34797
1493212861421	mozprofile::profile	INFO	Using profile path /tmp/rust_mozprofile.1KKHb2ZCUIn0
1493212861422	geckodriver::marionette	INFO	Starting browser /usr/bin/firefox
1493212861423	geckodriver::marionette	INFO	Connecting to Marionette on localhost:43998
1493212862764	Marionette	INFO	Listening on port 43998
1493212862835	Marionette	WARN	TLS certificate errors will be ignored for this session
1493212863161	Marionette	INFO	New connections will no longer be accepted
[Child 4347] WARNING: pipe error (3): Connection reset by peer: file /build/firefox-4Fdt0Z/firefox-53.0+build6/ipc/chromium/src/chrome/common/ipc_channel_posix.cc, line 346
1493212915053	geckodriver	INFO	Listening on 127.0.0.1:47436
1493212916172	mozprofile::profile	INFO	Using profile path /tmp/rust_mozprofile.2gffnhHfXBFV
1493212916173	geckodriver::marionette	INFO	Starting browser /usr/bin/firefox
1493212916174	geckodriver::marionette	INFO	Connecting to Marionette on localhost:36637
1493212917539	Marionette	INFO	Listening on port 36637
1493212917600	Marionette	WARN	TLS certificate errors will be ignored for this session
1493212917967	Marionette	INFO	New connections will no longer be accepted
[Child 4511] WARNING: pipe error (3): Connection reset by peer: file /build/firefox-4Fdt0Z/firefox-53.0+build6/ipc/chromium/src/chrome/common/ipc_channel_posix.cc, line 346
1493212918012	geckodriver	INFO	Listening on 127.0.0.1:59067
1493212919094	mozprofile::profile	INFO	Using profile path /tmp/rust_mozprofile.vRD0f8cssSRj
1493212919094	geckodriver::marionette	INFO	Starting browser /usr/bin/firefox
1493212919096	geckodriver::marionette	INFO	Connecting to Marionette on localhost:39387
1493212920409	Marionette	INFO	Listening on port 39387
1493212920507	Marionette	WARN	TLS certificate errors will be ignored for this session
1493212920804	Marionette	INFO	New connections will no longer be accepted
[Child 4649] WARNING: pipe error (3): Connection reset by peer: file /build/firefox-4Fdt0Z/firefox-53.0+build6/ipc/chromium/src/chrome/common/ipc_channel_posix.cc, line 346
1493213027825	geckodriver	INFO	Listening on 127.0.0.1:58409
1493213028941	mozprofile::profile	INFO	Using profile path /tmp/rust_mozprofile.6u9wH4cRQ8JZ
1493213028941	geckodriver::marionette	INFO	Starting browser /usr/bin/firefox
1493213028943	geckodriver::marionette	INFO	Connecting to Marionette on localhost:32920
1493213030354	Marionette	INFO	Listening on port 32920
1493213030452	Marionette	WARN	TLS certificate errors will be ignored for this session
1493213030785	Marionette	INFO	New connections will no longer be accepted
1493213030837	geckodriver	INFO	Listening on 127.0.0.1:52038
1493213031942	mozprofile::profile	INFO	Using profile path /tmp/rust_mozprofile.N619enqE3a6E
1493213031943	geckodriver::marionette	INFO	Starting browser /usr/bin/firefox
1493213031944	geckodriver::marionette	INFO	Connecting to Marionette on localhost:43533
1493213033276	Marionette	INFO	Listening on port 43533
1493213033360	Marionette	WARN	TLS certificate errors will be ignored for this session
1493213033682	Marionette	INFO	New connections will no longer be accepted
1493213114997	geckodriver	INFO	Listening on 127.0.0.1:34054
1493213116104	mozprofile::profile	INFO	Using profile path /tmp/rust_mozprofile.MJXMHrNmIUow
1493213116104	geckodriver::marionette	INFO	Starting browser /usr/bin/firefox
1493213116106	geckodriver::marionette	INFO	Connecting to Marionette on localhost:44644
1493213117508	Marionette	INFO	Listening on port 44644
1493213117545	Marionette	WARN	TLS certificate errors will be ignored for this session
1493213117995	Marionette	INFO	New connections will no longer be accepted
[Child 5110] WARNING: pipe error (3): Connection reset by peer: file /build/firefox-4Fdt0Z/firefox-53.0+build6/ipc/chromium/src/chrome/common/ipc_channel_posix.cc, line 346
1493213171175	geckodriver	INFO	Listening on 127.0.0.1:59691
1493213172279	mozprofile::profile	INFO	Using profile path /tmp/rust_mozprofile.et7SmSrH6Ju6
1493213172279	geckodriver::marionette	INFO	Starting browser /usr/bin/firefox
1493213172281	geckodriver::marionette	INFO	Connecting to Marionette on localhost:34105
1493213173620	Marionette	INFO	Listening on port 34105
1493213173698	Marionette	WARN	TLS certificate errors will be ignored for this session
1493213174053	Marionette	INFO	New connections will no longer be accepted
[Child 5265] WARNING: pipe error (3): Connection reset by peer: file /build/firefox-4Fdt0Z/firefox-53.0+build6/ipc/chromium/src/chrome/common/ipc_channel_posix.cc, line 346
1493213174106	geckodriver	INFO	Listening on 127.0.0.1:32992
1493213175188	mozprofile::profile	INFO	Using profile path /tmp/rust_mozprofile.g6ovqHL0yzBC
1493213175189	geckodriver::marionette	INFO	Starting browser /usr/bin/firefox
1493213175191	geckodriver::marionette	INFO	Connecting to Marionette on localhost:45203
1493213176565	Marionette	INFO	Listening on port 45203
1493213176622	Marionette	WARN	TLS certificate errors will be ignored for this session
1493213176961	Marionette	INFO	New connections will no longer be accepted
1493213197683	geckodriver	INFO	Listening on 127.0.0.1:58546
1493213198768	mozprofile::profile	INFO	Using profile path /tmp/rust_mozprofile.KXaRGb7D2LOD
1493213198769	geckodriver::marionette	INFO	Starting browser /usr/bin/firefox
1493213198770	geckodriver::marionette	INFO	Connecting to Marionette on localhost:34834
1493213200116	Marionette	INFO	Listening on port 34834
1493213200183	Marionette	WARN	TLS certificate errors will be ignored for this session
1493213200555	Marionette	INFO	New connections will no longer be accepted
1493213200604	geckodriver	INFO	Listening on 127.0.0.1:58738
1493213201685	mozprofile::profile	INFO	Using profile path /tmp/rust_mozprofile.JIWF5epXa3fW
1493213201686	geckodriver::marionette	INFO	Starting browser /usr/bin/firefox
1493213201687	geckodriver::marionette	INFO	Connecting to Marionette on localhost:33446
1493213203028	Marionette	INFO	Listening on port 33446
1493213203099	Marionette	WARN	TLS certificate errors will be ignored for this session
1493213203439	Marionette	INFO	New connections will no longer be accepted
[Child 5680] WARNING: pipe error (3): Connection reset by peer: file /build/firefox-4Fdt0Z/firefox-53.0+build6/ipc/chromium/src/chrome/common/ipc_channel_posix.cc, line 346
1493213286664	geckodriver	INFO	Listening on 127.0.0.1:54731
1493213287772	mozprofile::profile	INFO	Using profile path /tmp/rust_mozprofile.9ycFMK4dgBdn
1493213287772	geckodriver::marionette	INFO	Starting browser /usr/bin/firefox
1493213287774	geckodriver::marionette	INFO	Connecting to Marionette on localhost:43790
1493213289127	Marionette	INFO	Listening on port 43790
1493213289194	Marionette	WARN	TLS certificate errors will be ignored for this session
1493213289537	Marionette	INFO	New connections will no longer be accepted
[Child 5840] WARNING: pipe error (3): Connection reset by peer: file /build/firefox-4Fdt0Z/firefox-53.0+build6/ipc/chromium/src/chrome/common/ipc_channel_posix.cc, line 346
1493213289583	geckodriver	INFO	Listening on 127.0.0.1:60182
1493213290662	mozprofile::profile	INFO	Using profile path /tmp/rust_mozprofile.TClKBqIoNUzt
1493213290662	geckodriver::marionette	INFO	Starting browser /usr/bin/firefox
1493213290664	geckodriver::marionette	INFO	Connecting to Marionette on localhost:38990
1493213291987	Marionette	INFO	Listening on port 38990
1493213292078	Marionette	WARN	TLS certificate errors will be ignored for this session
1493213292399	Marionette	INFO	New connections will no longer be accepted
1493213345463	geckodriver	INFO	Listening on 127.0.0.1:39910
1493213346576	mozprofile::profile	INFO	Using profile path /tmp/rust_mozprofile.XcNounSBNsa1
1493213346577	geckodriver::marionette	INFO	Starting browser /usr/bin/firefox
1493213346578	geckodriver::marionette	INFO	Connecting to Marionette on localhost:33687
1493213347904	Marionette	INFO	Listening on port 33687
1493213347993	Marionette	WARN	TLS certificate errors will be ignored for this session
1493213351330	Marionette	INFO	New connections will no longer be accepted
[Child 6134] WARNING: pipe error (3): Connection reset by peer: file /build/firefox-4Fdt0Z/firefox-53.0+build6/ipc/chromium/src/chrome/common/ipc_channel_posix.cc, line 346
1493213351414	geckodriver	INFO	Listening on 127.0.0.1:40634
1493213352496	mozprofile::profile	INFO	Using profile path /tmp/rust_mozprofile.Xk1So5bJmMlB
1493213352496	geckodriver::marionette	INFO	Starting browser /usr/bin/firefox
1493213352498	geckodriver::marionette	INFO	Connecting to Marionette on localhost:37312
1493213353844	Marionette	INFO	Listening on port 37312
1493213353915	Marionette	WARN	TLS certificate errors will be ignored for this session
1493213354241	Marionette	INFO	New connections will no longer be accepted
1493213396908	geckodriver	INFO	Listening on 127.0.0.1:41820
1493213398019	mozprofile::profile	INFO	Using profile path /tmp/rust_mozprofile.7NpBaBi1ohPD
1493213398020	geckodriver::marionette	INFO	Starting browser /usr/bin/firefox
1493213398021	geckodriver::marionette	INFO	Connecting to Marionette on localhost:44886
1493213399357	Marionette	INFO	Listening on port 44886
1493213399436	Marionette	WARN	TLS certificate errors will be ignored for this session
1493213400812	Marionette	INFO	New connections will no longer be accepted
[Child 6419] WARNING: pipe error (3): Connection reset by peer: file /build/firefox-4Fdt0Z/firefox-53.0+build6/ipc/chromium/src/chrome/common/ipc_channel_posix.cc, line 346
1493213400862	geckodriver	INFO	Listening on 127.0.0.1:56084
1493213401944	mozprofile::profile	INFO	Using profile path /tmp/rust_mozprofile.kNmOKiHSQIu2
1493213401945	geckodriver::marionette	INFO	Starting browser /usr/bin/firefox
1493213401946	geckodriver::marionette	INFO	Connecting to Marionette on localhost:37440
1493213403266	Marionette	INFO	Listening on port 37440
1493213403356	Marionette	WARN	TLS certificate errors will be ignored for this session
1493213403736	Marionette	INFO	New connections will no longer be accepted
[Child 6560] WARNING: pipe error (3): Connection reset by peer: file /build/firefox-4Fdt0Z/firefox-53.0+build6/ipc/chromium/src/chrome/common/ipc_channel_posix.cc, line 346
1493213635774	geckodriver	INFO	Listening on 127.0.0.1:58215
1493213636867	mozprofile::profile	INFO	Using profile path /tmp/rust_mozprofile.d6KEahrzfSF5
1493213636867	geckodriver::marionette	INFO	Starting browser /usr/bin/firefox
1493213636869	geckodriver::marionette	INFO	Connecting to Marionette on localhost:39108
1493213638211	Marionette	INFO	Listening on port 39108
1493213638291	Marionette	WARN	TLS certificate errors will be ignored for this session
1493213639672	Marionette	INFO	New connections will no longer be accepted
[Child 6768] WARNING: pipe error (3): Connection reset by peer: file /build/firefox-4Fdt0Z/firefox-53.0+build6/ipc/chromium/src/chrome/common/ipc_channel_posix.cc, line 346
1493213639741	geckodriver	INFO	Listening on 127.0.0.1:55244
1493213640824	mozprofile::profile	INFO	Using profile path /tmp/rust_mozprofile.3dmLJqkCIA0b
1493213640825	geckodriver::marionette	INFO	Starting browser /usr/bin/firefox
1493213640826	geckodriver::marionette	INFO	Connecting to Marionette on localhost:36476
1493213642210	Marionette	INFO	Listening on port 36476
1493213642247	Marionette	WARN	TLS certificate errors will be ignored for this session
1493213642646	Marionette	INFO	New connections will no longer be accepted
[Child 6906] WARNING: pipe error (3): Connection reset by peer: file /build/firefox-4Fdt0Z/firefox-53.0+build6/ipc/chromium/src/chrome/common/ipc_channel_posix.cc, line 346
1493213676379	geckodriver	INFO	Listening on 127.0.0.1:37863
1493213677489	mozprofile::profile	INFO	Using profile path /tmp/rust_mozprofile.rZlgfwK6G1Po
1493213677490	geckodriver::marionette	INFO	Starting browser /usr/bin/firefox
1493213677491	geckodriver::marionette	INFO	Connecting to Marionette on localhost:39504
1493213678887	Marionette	INFO	Listening on port 39504
1493213678924	Marionette	WARN	TLS certificate errors will be ignored for this session
1493213680435	Marionette	INFO	New connections will no longer be accepted
1493213715036	geckodriver	INFO	Listening on 127.0.0.1:36938
1493213716148	mozprofile::profile	INFO	Using profile path /tmp/rust_mozprofile.zA86eEJyachN
1493213716149	geckodriver::marionette	INFO	Starting browser /usr/bin/firefox
1493213716150	geckodriver::marionette	INFO	Connecting to Marionette on localhost:39355
1493213717562	Marionette	INFO	Listening on port 39355
1493213717663	Marionette	WARN	TLS certificate errors will be ignored for this session
1493213719045	Marionette	INFO	New connections will no longer be accepted
[Child 7215] WARNING: pipe error (3): Connection reset by peer: file /build/firefox-4Fdt0Z/firefox-53.0+build6/ipc/chromium/src/chrome/common/ipc_channel_posix.cc, line 346
1493213719114	geckodriver	INFO	Listening on 127.0.0.1:48350
1493213720198	mozprofile::profile	INFO	Using profile path /tmp/rust_mozprofile.SU5T5ZR6HBKV
1493213720198	geckodriver::marionette	INFO	Starting browser /usr/bin/firefox
1493213720200	geckodriver::marionette	INFO	Connecting to Marionette on localhost:40141
1493213721598	Marionette	INFO	Listening on port 40141
1493213721633	Marionette	WARN	TLS certificate errors will be ignored for this session
1493213722074	Marionette	INFO	New connections will no longer be accepted
1493214077001	geckodriver	INFO	Listening on 127.0.0.1:44837
1493214078089	mozprofile::profile	INFO	Using profile path /tmp/rust_mozprofile.hCQcJVhIKiHt
1493214078090	geckodriver::marionette	INFO	Starting browser /usr/bin/firefox
1493214078091	geckodriver::marionette	INFO	Connecting to Marionette on localhost:45270
1493214079590	Marionette	INFO	Listening on port 45270
1493214079670	Marionette	WARN	TLS certificate errors will be ignored for this session
1493214081173	Marionette	INFO	New connections will no longer be accepted
[Child 7647] WARNING: pipe error (3): Connection reset by peer: file /build/firefox-4Fdt0Z/firefox-53.0+build6/ipc/chromium/src/chrome/common/ipc_channel_posix.cc, line 346
1493214081249	geckodriver	INFO	Listening on 127.0.0.1:51797
1493214082329	mozprofile::profile	INFO	Using profile path /tmp/rust_mozprofile.9AoZncXe95yZ
1493214082330	geckodriver::marionette	INFO	Starting browser /usr/bin/firefox
1493214082331	geckodriver::marionette	INFO	Connecting to Marionette on localhost:42752
1493214083669	Marionette	INFO	Listening on port 42752
1493214083743	Marionette	WARN	TLS certificate errors will be ignored for this session
1493214084149	Marionette	INFO	New connections will no longer be accepted
1493214284502	geckodriver	INFO	Listening on 127.0.0.1:45739
1493214285615	mozprofile::profile	INFO	Using profile path /tmp/rust_mozprofile.OdixCoDoW2xY
1493214285616	geckodriver::marionette	INFO	Starting browser /usr/bin/firefox
1493214285617	geckodriver::marionette	INFO	Connecting to Marionette on localhost:45804
1493214286963	Marionette	INFO	Listening on port 45804
1493214287034	Marionette	WARN	TLS certificate errors will be ignored for this session
1493214288431	Marionette	INFO	New connections will no longer be accepted
[Child 8002] WARNING: pipe error (3): Connection reset by peer: file /build/firefox-4Fdt0Z/firefox-53.0+build6/ipc/chromium/src/chrome/common/ipc_channel_posix.cc, line 346
1493214288474	geckodriver	INFO	Listening on 127.0.0.1:59751
1493214289554	mozprofile::profile	INFO	Using profile path /tmp/rust_mozprofile.8vt0XyvE5IBH
1493214289554	geckodriver::marionette	INFO	Starting browser /usr/bin/firefox
1493214289556	geckodriver::marionette	INFO	Connecting to Marionette on localhost:45875
1493214290922	Marionette	INFO	Listening on port 45875
1493214290974	Marionette	WARN	TLS certificate errors will be ignored for this session
1493214291343	Marionette	INFO	New connections will no longer be accepted
[Child 8140] WARNING: pipe error (3): Connection reset by peer: file /build/firefox-4Fdt0Z/firefox-53.0+build6/ipc/chromium/src/chrome/common/ipc_channel_posix.cc, line 346
1493214751484	geckodriver	INFO	Listening on 127.0.0.1:47182
1493214752593	mozprofile::profile	INFO	Using profile path /tmp/rust_mozprofile.HLXBWumsMttC
1493214752593	geckodriver::marionette	INFO	Starting browser /usr/bin/firefox
1493214752595	geckodriver::marionette	INFO	Connecting to Marionette on localhost:42161
1493214753961	Marionette	INFO	Listening on port 42161
1493214754017	Marionette	WARN	TLS certificate errors will be ignored for this session
1493214755408	Marionette	INFO	New connections will no longer be accepted
[Child 8916] WARNING: pipe error (3): Connection reset by peer: file /build/firefox-4Fdt0Z/firefox-53.0+build6/ipc/chromium/src/chrome/common/ipc_channel_posix.cc, line 346
1493214755471	geckodriver	INFO	Listening on 127.0.0.1:43896
1493214756582	mozprofile::profile	INFO	Using profile path /tmp/rust_mozprofile.fCH4ighMCuUL
1493214756583	geckodriver::marionette	INFO	Starting browser /usr/bin/firefox
1493214756584	geckodriver::marionette	INFO	Connecting to Marionette on localhost:42983
1493214757951	Marionette	INFO	Listening on port 42983
1493214758018	Marionette	WARN	TLS certificate errors will be ignored for this session
1493214758365	Marionette	INFO	New connections will no longer be accepted
1493214776764	geckodriver	INFO	Listening on 127.0.0.1:48721
1493214777875	mozprofile::profile	INFO	Using profile path /tmp/rust_mozprofile.07T66ozLd7p0
1493214777876	geckodriver::marionette	INFO	Starting browser /usr/bin/firefox
1493214777877	geckodriver::marionette	INFO	Connecting to Marionette on localhost:39915
1493214779299	Marionette	INFO	Listening on port 39915
1493214779387	Marionette	WARN	TLS certificate errors will be ignored for this session
1493214781728	Marionette	INFO	New connections will no longer be accepted
1493214781786	geckodriver	INFO	Listening on 127.0.0.1:38901
1493214782889	mozprofile::profile	INFO	Using profile path /tmp/rust_mozprofile.DOW0GH5ZVGGV
1493214782890	geckodriver::marionette	INFO	Starting browser /usr/bin/firefox
1493214782891	geckodriver::marionette	INFO	Connecting to Marionette on localhost:37715
1493214784273	Marionette	INFO	Listening on port 37715
1493214784308	Marionette	WARN	TLS certificate errors will be ignored for this session
1493214784683	Marionette	INFO	New connections will no longer be accepted
[Child 9347] WARNING: pipe error (3): Connection reset by peer: file /build/firefox-4Fdt0Z/firefox-53.0+build6/ipc/chromium/src/chrome/common/ipc_channel_posix.cc, line 346
1493214801287	geckodriver	INFO	Listening on 127.0.0.1:48797
1493214802403	mozprofile::profile	INFO	Using profile path /tmp/rust_mozprofile.dyjVlXTahPDU
1493214802404	geckodriver::marionette	INFO	Starting browser /usr/bin/firefox
1493214802406	geckodriver::marionette	INFO	Connecting to Marionette on localhost:45678
1493214803745	Marionette	INFO	Listening on port 45678
1493214803819	Marionette	WARN	TLS certificate errors will be ignored for this session
1493214806315	Marionette	INFO	New connections will no longer be accepted
[Child 9495] WARNING: pipe error (3): Connection reset by peer: file /build/firefox-4Fdt0Z/firefox-53.0+build6/ipc/chromium/src/chrome/common/ipc_channel_posix.cc, line 346
1493214806376	geckodriver	INFO	Listening on 127.0.0.1:39279
1493214807465	mozprofile::profile	INFO	Using profile path /tmp/rust_mozprofile.GksjNUbBNQJy
1493214807466	geckodriver::marionette	INFO	Starting browser /usr/bin/firefox
1493214807467	geckodriver::marionette	INFO	Connecting to Marionette on localhost:45643
1493214808820	Marionette	INFO	Listening on port 45643
1493214808896	Marionette	WARN	TLS certificate errors will be ignored for this session
1493214809255	Marionette	INFO	New connections will no longer be accepted
[Child 9634] WARNING: pipe error (3): Connection reset by peer: file /build/firefox-4Fdt0Z/firefox-53.0+build6/ipc/chromium/src/chrome/common/ipc_channel_posix.cc, line 346
1493214820836	geckodriver	INFO	Listening on 127.0.0.1:52040
1493214821943	mozprofile::profile	INFO	Using profile path /tmp/rust_mozprofile.OyRkgKnQaU2B
1493214821944	geckodriver::marionette	INFO	Starting browser /usr/bin/firefox
1493214821946	geckodriver::marionette	INFO	Connecting to Marionette on localhost:40515
1493214823322	Marionette	INFO	Listening on port 40515
1493214823357	Marionette	WARN	TLS certificate errors will be ignored for this session
1493214824783	Marionette	INFO	New connections will no longer be accepted
1493214824862	geckodriver	INFO	Listening on 127.0.0.1:56762
1493214825970	mozprofile::profile	INFO	Using profile path /tmp/rust_mozprofile.ZjxBq2uMyuaD
1493214825971	geckodriver::marionette	INFO	Starting browser /usr/bin/firefox
1493214825972	geckodriver::marionette	INFO	Connecting to Marionette on localhost:43804
1493214827415	Marionette	INFO	Listening on port 43804
1493214827485	Marionette	WARN	TLS certificate errors will be ignored for this session
1493214827834	Marionette	INFO	New connections will no longer be accepted
[Child 9916] WARNING: pipe error (3): Connection reset by peer: file /build/firefox-4Fdt0Z/firefox-53.0+build6/ipc/chromium/src/chrome/common/ipc_channel_posix.cc, line 346
